<?xml version="1.0" encoding="UTF-8"?>
<testng-results skipped="0" failed="0" ignored="0" total="2" passed="2">
  <reporter-output>
  </reporter-output>
  <suite name="Default suite" duration-ms="6519" started-at="2021-07-09T22:08:26 IST" finished-at="2021-07-09T22:08:32 IST">
    <groups>
    </groups>
    <test name="Default test" duration-ms="6519" started-at="2021-07-09T22:08:26 IST" finished-at="2021-07-09T22:08:32 IST">
      <class name="testAPI.CheckOPEN_API">
        <test-method status="PASS" signature="CheckFirstTest()[pri:0, instance:testAPI.CheckOPEN_API@1e88b3c]" name="CheckFirstTest" duration-ms="13" started-at="2021-07-09T22:08:26 IST" finished-at="2021-07-09T22:08:26 IST">
          <reporter-output>
          </reporter-output>
        </test-method> <!-- CheckFirstTest -->
        <test-method status="PASS" signature="VerifyStatusCode()[pri:0, instance:testAPI.CheckOPEN_API@1e88b3c]" name="VerifyStatusCode" duration-ms="6404" started-at="2021-07-09T22:08:26 IST" finished-at="2021-07-09T22:08:32 IST">
          <reporter-output>
          </reporter-output>
        </test-method> <!-- VerifyStatusCode -->
      </class> <!-- testAPI.CheckOPEN_API -->
    </test> <!-- Default test -->
  </suite> <!-- Default suite -->
</testng-results>
