<?xml version="1.0" encoding="UTF-8"?>
<testng-results ignored="0" total="2" passed="2" failed="0" skipped="0">
  <reporter-output>
  </reporter-output>
  <suite started-at="2021-07-09T15:18:09 IST" name="Default suite" finished-at="2021-07-09T15:18:13 IST" duration-ms="3289">
    <groups>
    </groups>
    <test started-at="2021-07-09T15:18:09 IST" name="Default test" finished-at="2021-07-09T15:18:13 IST" duration-ms="3289">
      <class name="testAPI.CheckOPEN_API">
        <test-method signature="API()[pri:0, instance:testAPI.CheckOPEN_API@1d8bd0de]" started-at="2021-07-09T15:18:09 IST" name="API" finished-at="2021-07-09T15:18:13 IST" duration-ms="3251" status="PASS">
          <reporter-output>
          </reporter-output>
        </test-method> <!-- API -->
        <test-method signature="Check()[pri:0, instance:testAPI.CheckOPEN_API@1d8bd0de]" started-at="2021-07-09T15:18:13 IST" name="Check" finished-at="2021-07-09T15:18:13 IST" duration-ms="2" status="PASS">
          <reporter-output>
          </reporter-output>
        </test-method> <!-- Check -->
      </class> <!-- testAPI.CheckOPEN_API -->
    </test> <!-- Default test -->
  </suite> <!-- Default suite -->
</testng-results>
